<?xml version="1.0" encoding="UTF-8"?>
<testsuite xmlns:xsi="http://www.w3.org/2001/XMLSchema-instance" xsi:noNamespaceSchemaLocation="https://maven.apache.org/surefire/maven-surefire-plugin/xsd/surefire-test-report.xsd" name="UserTest" time="10.887" tests="1" errors="1" skipped="0" failures="0">
  <properties>
[...]
</properties>
  <testcase name="printUser" classname="UserTest" time="2.403">
    <error message="nested exception is org.apache.ibatis.reflection.ReflectionException: Could not set property &apos;createTime&apos; of &apos;class com.travel.laizheli.Entity.User&apos; with value &apos;Mon Jan 11 00:00:00 CST 2021&apos; Cause: java.lang.IllegalArgumentException: argument type mismatch" type="org.mybatis.spring.MyBatisSystemException">org.mybatis.spring.MyBatisSystemException: nested exception is org.apache.ibatis.reflection.ReflectionException: Could not set property 'createTime' of 'class com.travel.laizheli.Entity.User' with value 'Mon Jan 11 00:00:00 CST 2021' Cause: java.lang.IllegalArgumentException: argument type mismatch
	at UserTest.printUser(UserTest.java:27)
Caused by: org.apache.ibatis.reflection.ReflectionException: Could not set property 'createTime' of 'class com.travel.laizheli.Entity.User' with value 'Mon Jan 11 00:00:00 CST 2021' Cause: java.lang.IllegalArgumentException: argument type mismatch
	at UserTest.printUser(UserTest.java:27)
Caused by: java.lang.IllegalArgumentException: argument type mismatch
	at UserTest.printUser(UserTest.java:27)
</error>
    <system-out><![CDATA[16:31:58.139 [main] DEBUG org.springframework.test.context.junit4.SpringJUnit4ClassRunner - SpringJUnit4ClassRunner constructor called with [class UserTest]
16:31:58.144 [main] DEBUG org.springframework.test.context.BootstrapUtils - Instantiating CacheAwareContextLoaderDelegate from class [org.springframework.test.context.cache.DefaultCacheAwareContextLoaderDelegate]
16:31:58.152 [main] DEBUG org.springframework.test.context.BootstrapUtils - Instantiating BootstrapContext using constructor [public org.springframework.test.context.support.DefaultBootstrapContext(java.lang.Class,org.springframework.test.context.CacheAwareContextLoaderDelegate)]
16:31:58.186 [main] DEBUG org.springframework.test.context.BootstrapUtils - Instantiating TestContextBootstrapper for test class [UserTest] from class [org.springframework.boot.test.context.SpringBootTestContextBootstrapper]
16:31:58.207 [main] INFO org.springframework.boot.test.context.SpringBootTestContextBootstrapper - Neither @ContextConfiguration nor @ContextHierarchy found for test class [UserTest], using SpringBootContextLoader
16:31:58.211 [main] DEBUG org.springframework.test.context.support.AbstractContextLoader - Did not detect default resource location for test class [UserTest]: class path resource [UserTest-context.xml] does not exist
16:31:58.211 [main] DEBUG org.springframework.test.context.support.AbstractContextLoader - Did not detect default resource location for test class [UserTest]: class path resource [UserTestContext.groovy] does not exist
16:31:58.212 [main] INFO org.springframework.test.context.support.AbstractContextLoader - Could not detect default resource locations for test class [UserTest]: no resource found for suffixes {-context.xml, Context.groovy}.
16:31:58.256 [main] DEBUG org.springframework.test.context.support.ActiveProfilesUtils - Could not find an 'annotation declaring class' for annotation type [org.springframework.test.context.ActiveProfiles] and class [UserTest]
16:31:58.410 [main] DEBUG org.springframework.boot.test.context.SpringBootTestContextBootstrapper - @TestExecutionListeners is not present for class [UserTest]: using defaults.
16:31:58.410 [main] INFO org.springframework.boot.test.context.SpringBootTestContextBootstrapper - Loaded default TestExecutionListener class names from location [META-INF/spring.factories]: [org.springframework.boot.test.mock.mockito.MockitoTestExecutionListener, org.springframework.boot.test.mock.mockito.ResetMocksTestExecutionListener, org.springframework.boot.test.autoconfigure.restdocs.RestDocsTestExecutionListener, org.springframework.boot.test.autoconfigure.web.client.MockRestServiceServerResetTestExecutionListener, org.springframework.boot.test.autoconfigure.web.servlet.MockMvcPrintOnlyOnFailureTestExecutionListener, org.springframework.boot.test.autoconfigure.web.servlet.WebDriverTestExecutionListener, org.springframework.boot.test.autoconfigure.webservices.client.MockWebServiceServerTestExecutionListener, org.springframework.test.context.web.ServletTestExecutionListener, org.springframework.test.context.support.DirtiesContextBeforeModesTestExecutionListener, org.springframework.test.context.support.DependencyInjectionTestExecutionListener, org.springframework.test.context.support.DirtiesContextTestExecutionListener, org.springframework.test.context.transaction.TransactionalTestExecutionListener, org.springframework.test.context.jdbc.SqlScriptsTestExecutionListener, org.springframework.test.context.event.EventPublishingTestExecutionListener]
16:31:58.427 [main] INFO org.springframework.boot.test.context.SpringBootTestContextBootstrapper - Using TestExecutionListeners: [org.springframework.test.context.web.ServletTestExecutionListener@41fecb8b, org.springframework.test.context.support.DirtiesContextBeforeModesTestExecutionListener@120f102b, org.springframework.boot.test.mock.mockito.MockitoTestExecutionListener@625732, org.springframework.boot.test.autoconfigure.SpringBootDependencyInjectionTestExecutionListener@51dcb805, org.springframework.test.context.support.DirtiesContextTestExecutionListener@66498326, org.springframework.test.context.transaction.TransactionalTestExecutionListener@cad498c, org.springframework.test.context.jdbc.SqlScriptsTestExecutionListener@1e6454ec, org.springframework.test.context.event.EventPublishingTestExecutionListener@2accdbb5, org.springframework.boot.test.mock.mockito.ResetMocksTestExecutionListener@b62d79, org.springframework.boot.test.autoconfigure.restdocs.RestDocsTestExecutionListener@6631f5ca, org.springframework.boot.test.autoconfigure.web.client.MockRestServiceServerResetTestExecutionListener@5ace1ed4, org.springframework.boot.test.autoconfigure.web.servlet.MockMvcPrintOnlyOnFailureTestExecutionListener@1613674b, org.springframework.boot.test.autoconfigure.web.servlet.WebDriverTestExecutionListener@27ff5d15, org.springframework.boot.test.autoconfigure.webservices.client.MockWebServiceServerTestExecutionListener@4e096385]
16:31:58.430 [main] DEBUG org.springframework.test.annotation.ProfileValueUtils - Retrieved @ProfileValueSourceConfiguration [null] for test class [UserTest]
16:31:58.432 [main] DEBUG org.springframework.test.annotation.ProfileValueUtils - Retrieved ProfileValueSource type [class org.springframework.test.annotation.SystemProfileValueSource] for class [UserTest]
16:31:58.434 [main] DEBUG org.springframework.test.annotation.ProfileValueUtils - Retrieved @ProfileValueSourceConfiguration [null] for test class [UserTest]
16:31:58.434 [main] DEBUG org.springframework.test.annotation.ProfileValueUtils - Retrieved ProfileValueSource type [class org.springframework.test.annotation.SystemProfileValueSource] for class [UserTest]
16:31:58.437 [main] DEBUG org.springframework.test.annotation.ProfileValueUtils - Retrieved @ProfileValueSourceConfiguration [null] for test class [UserTest]
16:31:58.438 [main] DEBUG org.springframework.test.annotation.ProfileValueUtils - Retrieved ProfileValueSource type [class org.springframework.test.annotation.SystemProfileValueSource] for class [UserTest]
16:31:58.462 [main] DEBUG org.springframework.test.context.junit4.SpringJUnit4ClassRunner - SpringJUnit4ClassRunner constructor called with [class UserTest]
16:31:58.462 [main] DEBUG org.springframework.test.context.BootstrapUtils - Instantiating CacheAwareContextLoaderDelegate from class [org.springframework.test.context.cache.DefaultCacheAwareContextLoaderDelegate]
16:31:58.462 [main] DEBUG org.springframework.test.context.BootstrapUtils - Instantiating BootstrapContext using constructor [public org.springframework.test.context.support.DefaultBootstrapContext(java.lang.Class,org.springframework.test.context.CacheAwareContextLoaderDelegate)]
16:31:58.463 [main] DEBUG org.springframework.test.context.BootstrapUtils - Instantiating TestContextBootstrapper for test class [UserTest] from class [org.springframework.boot.test.context.SpringBootTestContextBootstrapper]
16:31:58.464 [main] INFO org.springframework.boot.test.context.SpringBootTestContextBootstrapper - Neither @ContextConfiguration nor @ContextHierarchy found for test class [UserTest], using SpringBootContextLoader
16:31:58.465 [main] DEBUG org.springframework.test.context.support.AbstractContextLoader - Did not detect default resource location for test class [UserTest]: class path resource [UserTest-context.xml] does not exist
16:31:58.465 [main] DEBUG org.springframework.test.context.support.AbstractContextLoader - Did not detect default resource location for test class [UserTest]: class path resource [UserTestContext.groovy] does not exist
16:31:58.465 [main] INFO org.springframework.test.context.support.AbstractContextLoader - Could not detect default resource locations for test class [UserTest]: no resource found for suffixes {-context.xml, Context.groovy}.
16:31:58.468 [main] DEBUG org.springframework.test.context.support.ActiveProfilesUtils - Could not find an 'annotation declaring class' for annotation type [org.springframework.test.context.ActiveProfiles] and class [UserTest]
16:31:58.471 [main] DEBUG org.springframework.boot.test.context.SpringBootTestContextBootstrapper - @TestExecutionListeners is not present for class [UserTest]: using defaults.
16:31:58.471 [main] INFO org.springframework.boot.test.context.SpringBootTestContextBootstrapper - Loaded default TestExecutionListener class names from location [META-INF/spring.factories]: [org.springframework.boot.test.mock.mockito.MockitoTestExecutionListener, org.springframework.boot.test.mock.mockito.ResetMocksTestExecutionListener, org.springframework.boot.test.autoconfigure.restdocs.RestDocsTestExecutionListener, org.springframework.boot.test.autoconfigure.web.client.MockRestServiceServerResetTestExecutionListener, org.springframework.boot.test.autoconfigure.web.servlet.MockMvcPrintOnlyOnFailureTestExecutionListener, org.springframework.boot.test.autoconfigure.web.servlet.WebDriverTestExecutionListener, org.springframework.boot.test.autoconfigure.webservices.client.MockWebServiceServerTestExecutionListener, org.springframework.test.context.web.ServletTestExecutionListener, org.springframework.test.context.support.DirtiesContextBeforeModesTestExecutionListener, org.springframework.test.context.support.DependencyInjectionTestExecutionListener, org.springframework.test.context.support.DirtiesContextTestExecutionListener, org.springframework.test.context.transaction.TransactionalTestExecutionListener, org.springframework.test.context.jdbc.SqlScriptsTestExecutionListener, org.springframework.test.context.event.EventPublishingTestExecutionListener]
16:31:58.471 [main] INFO org.springframework.boot.test.context.SpringBootTestContextBootstrapper - Using TestExecutionListeners: [org.springframework.test.context.web.ServletTestExecutionListener@52af26ee, org.springframework.test.context.support.DirtiesContextBeforeModesTestExecutionListener@6fd83fc1, org.springframework.boot.test.mock.mockito.MockitoTestExecutionListener@4f2b503c, org.springframework.boot.test.autoconfigure.SpringBootDependencyInjectionTestExecutionListener@bae7dc0, org.springframework.test.context.support.DirtiesContextTestExecutionListener@209da20d, org.springframework.test.context.transaction.TransactionalTestExecutionListener@e15b7e8, org.springframework.test.context.jdbc.SqlScriptsTestExecutionListener@1b2abca6, org.springframework.test.context.event.EventPublishingTestExecutionListener@6392827e, org.springframework.boot.test.mock.mockito.ResetMocksTestExecutionListener@2ed2d9cb, org.springframework.boot.test.autoconfigure.restdocs.RestDocsTestExecutionListener@d5b810e, org.springframework.boot.test.autoconfigure.web.client.MockRestServiceServerResetTestExecutionListener@43dac38f, org.springframework.boot.test.autoconfigure.web.servlet.MockMvcPrintOnlyOnFailureTestExecutionListener@342c38f8, org.springframework.boot.test.autoconfigure.web.servlet.WebDriverTestExecutionListener@c88a337, org.springframework.boot.test.autoconfigure.webservices.client.MockWebServiceServerTestExecutionListener@5d0a1059]
16:31:58.471 [main] DEBUG org.springframework.test.annotation.ProfileValueUtils - Retrieved @ProfileValueSourceConfiguration [null] for test class [UserTest]
16:31:58.471 [main] DEBUG org.springframework.test.annotation.ProfileValueUtils - Retrieved ProfileValueSource type [class org.springframework.test.annotation.SystemProfileValueSource] for class [UserTest]
16:31:58.472 [main] DEBUG org.springframework.test.annotation.ProfileValueUtils - Retrieved @ProfileValueSourceConfiguration [null] for test class [UserTest]
16:31:58.472 [main] DEBUG org.springframework.test.annotation.ProfileValueUtils - Retrieved ProfileValueSource type [class org.springframework.test.annotation.SystemProfileValueSource] for class [UserTest]
16:31:58.472 [main] DEBUG org.springframework.test.annotation.ProfileValueUtils - Retrieved @ProfileValueSourceConfiguration [null] for test class [UserTest]
16:31:58.472 [main] DEBUG org.springframework.test.annotation.ProfileValueUtils - Retrieved ProfileValueSource type [class org.springframework.test.annotation.SystemProfileValueSource] for class [UserTest]
16:31:58.536 [main] DEBUG org.springframework.test.annotation.ProfileValueUtils - Retrieved @ProfileValueSourceConfiguration [null] for test class [UserTest]
16:31:58.536 [main] DEBUG org.springframework.test.annotation.ProfileValueUtils - Retrieved ProfileValueSource type [class org.springframework.test.annotation.SystemProfileValueSource] for class [UserTest]
16:31:58.539 [main] DEBUG org.springframework.test.annotation.ProfileValueUtils - Retrieved @ProfileValueSourceConfiguration [null] for test class [UserTest]
16:31:58.539 [main] DEBUG org.springframework.test.annotation.ProfileValueUtils - Retrieved ProfileValueSource type [class org.springframework.test.annotation.SystemProfileValueSource] for class [UserTest]
16:31:58.540 [main] DEBUG org.springframework.test.annotation.ProfileValueUtils - Retrieved @ProfileValueSourceConfiguration [null] for test class [UserTest]
16:31:58.540 [main] DEBUG org.springframework.test.annotation.ProfileValueUtils - Retrieved ProfileValueSource type [class org.springframework.test.annotation.SystemProfileValueSource] for class [UserTest]
16:31:58.546 [main] DEBUG org.springframework.test.context.support.AbstractDirtiesContextTestExecutionListener - Before test class: context [DefaultTestContext@5890e879 testClass = UserTest, testInstance = [null], testMethod = [null], testException = [null], mergedContextConfiguration = [WebMergedContextConfiguration@6440112d testClass = UserTest, locations = '{}', classes = '{class com.travel.laizheli.ClientApplication, class com.travel.laizheli.ClientApplication}', contextInitializerClasses = '[]', activeProfiles = '{}', propertySourceLocations = '{}', propertySourceProperties = '{org.springframework.boot.test.context.SpringBootTestContextBootstrapper=true}', contextCustomizers = set[org.springframework.boot.test.context.filter.ExcludeFilterContextCustomizer@3d121db3, org.springframework.boot.test.json.DuplicateJsonObjectContextCustomizerFactory$DuplicateJsonObjectContextCustomizer@3901d134, org.springframework.boot.test.mock.mockito.MockitoContextCustomizer@0, org.springframework.boot.test.web.client.TestRestTemplateContextCustomizer@4df50bcc, org.springframework.boot.test.autoconfigure.properties.PropertyMappingContextCustomizer@0, org.springframework.boot.test.autoconfigure.web.servlet.WebDriverContextCustomizerFactory$Customizer@75329a49, org.springframework.boot.test.context.SpringBootTestArgs@1], resourceBasePath = 'src/main/webapp', contextLoader = 'org.springframework.boot.test.context.SpringBootContextLoader', parent = [null]], attributes = map['org.springframework.test.context.web.ServletTestExecutionListener.activateListener' -> true]], class annotated with @DirtiesContext [false] with mode [null].
16:31:58.549 [main] DEBUG org.springframework.test.annotation.ProfileValueUtils - Retrieved @ProfileValueSourceConfiguration [null] for test class [UserTest]
16:31:58.549 [main] DEBUG org.springframework.test.annotation.ProfileValueUtils - Retrieved ProfileValueSource type [class org.springframework.test.annotation.SystemProfileValueSource] for class [UserTest]
16:31:58.575 [main] DEBUG org.springframework.test.context.support.TestPropertySourceUtils - Adding inlined properties to environment: {spring.jmx.enabled=false, org.springframework.boot.test.context.SpringBootTestContextBootstrapper=true}

  .   ____          _            __ _ _
 /\\ / ___'_ __ _ _(_)_ __  __ _ \ \ \ \
( ( )\___ | '_ | '_| | '_ \/ _` | \ \ \ \
 \\/  ___)| |_)| | | | | || (_| |  ) ) ) )
  '  |____| .__|_| |_|_| |_\__, | / / / /
 =========|_|==============|___/=/_/_/_/
 :: Spring Boot ::        (v2.3.0.RELEASE)

2021-01-21 16:31:59.418  INFO 20032 --- [           main] UserTest                                 : Starting UserTest on DESKTOP-2IH7THC with PID 20032 (started by dell in D:\BC\IntelliJ IDEA 2020.1\Products\laizheli\laizheli-client)
2021-01-21 16:31:59.420 DEBUG 20032 --- [           main] UserTest                                 : Running with Spring Boot v2.3.0.RELEASE, Spring v5.2.6.RELEASE
2021-01-21 16:31:59.420  INFO 20032 --- [           main] UserTest                                 : The following profiles are active: dev
2021-01-21 16:32:00.495  INFO 20032 --- [           main] .s.d.r.c.RepositoryConfigurationDelegate : Multiple Spring Data modules found, entering strict repository configuration mode!
2021-01-21 16:32:00.499  INFO 20032 --- [           main] .s.d.r.c.RepositoryConfigurationDelegate : Bootstrapping Spring Data Redis repositories in DEFAULT mode.
2021-01-21 16:32:00.532  INFO 20032 --- [           main] .s.d.r.c.RepositoryConfigurationDelegate : Finished Spring Data repository scanning in 18ms. Found 0 Redis repository interfaces.
2021-01-21 16:32:00.731 DEBUG 20032 --- [           main] org.apache.ibatis.logging.LogFactory     : Logging initialized using 'class org.apache.ibatis.logging.slf4j.Slf4jImpl' adapter.
2021-01-21 16:32:00.734 DEBUG 20032 --- [           main] o.m.s.mapper.ClassPathMapperScanner      : Identified candidate component class: file [D:\BC\IntelliJ IDEA 2020.1\Products\laizheli\laizheli-client\target\classes\com\travel\laizheli\mapper\LoginLogMapper.class]
2021-01-21 16:32:00.735 DEBUG 20032 --- [           main] o.m.s.mapper.ClassPathMapperScanner      : Identified candidate component class: file [D:\BC\IntelliJ IDEA 2020.1\Products\laizheli\laizheli-client\target\classes\com\travel\laizheli\mapper\UserMapper.class]
2021-01-21 16:32:00.736 DEBUG 20032 --- [           main] o.m.s.mapper.ClassPathMapperScanner      : Creating MapperFactoryBean with name 'loginLogMapper' and 'com.travel.laizheli.mapper.LoginLogMapper' mapperInterface
2021-01-21 16:32:00.737 DEBUG 20032 --- [           main] o.m.s.mapper.ClassPathMapperScanner      : Enabling autowire by type for MapperFactoryBean with name 'loginLogMapper'.
2021-01-21 16:32:00.737 DEBUG 20032 --- [           main] o.m.s.mapper.ClassPathMapperScanner      : Creating MapperFactoryBean with name 'userMapper' and 'com.travel.laizheli.mapper.UserMapper' mapperInterface
2021-01-21 16:32:00.737 DEBUG 20032 --- [           main] o.m.s.mapper.ClassPathMapperScanner      : Enabling autowire by type for MapperFactoryBean with name 'userMapper'.
2021-01-21 16:32:01.690  INFO 20032 --- [           main] c.a.d.s.b.a.DruidDataSourceAutoConfigure : Init DruidDataSource
2021-01-21 16:32:01.981  INFO 20032 --- [           main] com.alibaba.druid.pool.DruidDataSource   : {dataSource-1} inited
2021-01-21 16:32:02.295 DEBUG 20032 --- [           main] c.b.m.e.s.MybatisSqlSessionFactoryBean   : Property 'mapperLocations' was not specified.
 _ _   |_  _ _|_. ___ _ |    _ 
| | |\/|_)(_| | |_\  |_)||_|_\ 
     /               |         
                        3.3.2 
2021-01-21 16:32:03.690 DEBUG 20032 --- [           main] c.b.m.core.MybatisConfiguration          : addMappedStatement: com.travel.laizheli.mapper.UserMapper.insert
2021-01-21 16:32:03.697 DEBUG 20032 --- [           main] c.b.m.core.MybatisConfiguration          : addMappedStatement: com.travel.laizheli.mapper.UserMapper.delete
2021-01-21 16:32:03.702 DEBUG 20032 --- [           main] c.b.m.core.MybatisConfiguration          : addMappedStatement: com.travel.laizheli.mapper.UserMapper.deleteByMap
2021-01-21 16:32:03.731 DEBUG 20032 --- [           main] c.b.m.core.MybatisConfiguration          : addMappedStatement: com.travel.laizheli.mapper.UserMapper.deleteById
2021-01-21 16:32:03.734 DEBUG 20032 --- [           main] c.b.m.core.MybatisConfiguration          : addMappedStatement: com.travel.laizheli.mapper.UserMapper.deleteBatchIds
2021-01-21 16:32:03.738 DEBUG 20032 --- [           main] c.b.m.core.MybatisConfiguration          : addMappedStatement: com.travel.laizheli.mapper.UserMapper.update
2021-01-21 16:32:03.740 DEBUG 20032 --- [           main] c.b.m.core.MybatisConfiguration          : addMappedStatement: com.travel.laizheli.mapper.UserMapper.updateById
2021-01-21 16:32:03.741 DEBUG 20032 --- [           main] c.b.m.core.MybatisConfiguration          : addMappedStatement: com.travel.laizheli.mapper.UserMapper.selectById
2021-01-21 16:32:03.743 DEBUG 20032 --- [           main] c.b.m.core.MybatisConfiguration          : addMappedStatement: com.travel.laizheli.mapper.UserMapper.selectBatchIds
2021-01-21 16:32:03.746 DEBUG 20032 --- [           main] c.b.m.core.MybatisConfiguration          : addMappedStatement: com.travel.laizheli.mapper.UserMapper.selectByMap
2021-01-21 16:32:03.748 DEBUG 20032 --- [           main] c.b.m.core.MybatisConfiguration          : addMappedStatement: com.travel.laizheli.mapper.UserMapper.selectOne
2021-01-21 16:32:03.752 DEBUG 20032 --- [           main] c.b.m.core.MybatisConfiguration          : addMappedStatement: com.travel.laizheli.mapper.UserMapper.selectCount
2021-01-21 16:32:03.755 DEBUG 20032 --- [           main] c.b.m.core.MybatisConfiguration          : addMappedStatement: com.travel.laizheli.mapper.UserMapper.selectMaps
2021-01-21 16:32:03.758 DEBUG 20032 --- [           main] c.b.m.core.MybatisConfiguration          : addMappedStatement: com.travel.laizheli.mapper.UserMapper.selectMapsPage
2021-01-21 16:32:03.761 DEBUG 20032 --- [           main] c.b.m.core.MybatisConfiguration          : addMappedStatement: com.travel.laizheli.mapper.UserMapper.selectObjs
2021-01-21 16:32:03.764 DEBUG 20032 --- [           main] c.b.m.core.MybatisConfiguration          : addMappedStatement: com.travel.laizheli.mapper.UserMapper.selectList
2021-01-21 16:32:03.767 DEBUG 20032 --- [           main] c.b.m.core.MybatisConfiguration          : addMappedStatement: com.travel.laizheli.mapper.UserMapper.selectPage
2021-01-21 16:32:03.802 DEBUG 20032 --- [           main] c.b.m.core.MybatisConfiguration          : addMappedStatement: com.travel.laizheli.mapper.LoginLogMapper.insert
2021-01-21 16:32:03.805 DEBUG 20032 --- [           main] c.b.m.core.MybatisConfiguration          : addMappedStatement: com.travel.laizheli.mapper.LoginLogMapper.delete
2021-01-21 16:32:03.809 DEBUG 20032 --- [           main] c.b.m.core.MybatisConfiguration          : addMappedStatement: com.travel.laizheli.mapper.LoginLogMapper.deleteByMap
2021-01-21 16:32:03.812 DEBUG 20032 --- [           main] c.b.m.core.MybatisConfiguration          : addMappedStatement: com.travel.laizheli.mapper.LoginLogMapper.deleteById
2021-01-21 16:32:03.814 DEBUG 20032 --- [           main] c.b.m.core.MybatisConfiguration          : addMappedStatement: com.travel.laizheli.mapper.LoginLogMapper.deleteBatchIds
2021-01-21 16:32:03.818 DEBUG 20032 --- [           main] c.b.m.core.MybatisConfiguration          : addMappedStatement: com.travel.laizheli.mapper.LoginLogMapper.update
2021-01-21 16:32:03.820 DEBUG 20032 --- [           main] c.b.m.core.MybatisConfiguration          : addMappedStatement: com.travel.laizheli.mapper.LoginLogMapper.updateById
2021-01-21 16:32:03.821 DEBUG 20032 --- [           main] c.b.m.core.MybatisConfiguration          : addMappedStatement: com.travel.laizheli.mapper.LoginLogMapper.selectById
2021-01-21 16:32:03.824 DEBUG 20032 --- [           main] c.b.m.core.MybatisConfiguration          : addMappedStatement: com.travel.laizheli.mapper.LoginLogMapper.selectBatchIds
2021-01-21 16:32:03.826 DEBUG 20032 --- [           main] c.b.m.core.MybatisConfiguration          : addMappedStatement: com.travel.laizheli.mapper.LoginLogMapper.selectByMap
2021-01-21 16:32:03.833 DEBUG 20032 --- [           main] c.b.m.core.MybatisConfiguration          : addMappedStatement: com.travel.laizheli.mapper.LoginLogMapper.selectOne
2021-01-21 16:32:03.836 DEBUG 20032 --- [           main] c.b.m.core.MybatisConfiguration          : addMappedStatement: com.travel.laizheli.mapper.LoginLogMapper.selectCount
2021-01-21 16:32:03.841 DEBUG 20032 --- [           main] c.b.m.core.MybatisConfiguration          : addMappedStatement: com.travel.laizheli.mapper.LoginLogMapper.selectMaps
2021-01-21 16:32:03.844 DEBUG 20032 --- [           main] c.b.m.core.MybatisConfiguration          : addMappedStatement: com.travel.laizheli.mapper.LoginLogMapper.selectMapsPage
2021-01-21 16:32:03.849 DEBUG 20032 --- [           main] c.b.m.core.MybatisConfiguration          : addMappedStatement: com.travel.laizheli.mapper.LoginLogMapper.selectObjs
2021-01-21 16:32:03.852 DEBUG 20032 --- [           main] c.b.m.core.MybatisConfiguration          : addMappedStatement: com.travel.laizheli.mapper.LoginLogMapper.selectList
2021-01-21 16:32:03.854 DEBUG 20032 --- [           main] c.b.m.core.MybatisConfiguration          : addMappedStatement: com.travel.laizheli.mapper.LoginLogMapper.selectPage
2021-01-21 16:32:04.516 DEBUG 20032 --- [           main] i.m.c.u.i.logging.InternalLoggerFactory  : Using SLF4J as the default logging framework
2021-01-21 16:32:05.049  INFO 20032 --- [           main] o.s.s.concurrent.ThreadPoolTaskExecutor  : Initializing ExecutorService 'applicationTaskExecutor'
2021-01-21 16:32:05.492 DEBUG 20032 --- [           main] i.n.u.i.logging.InternalLoggerFactory    : Using SLF4J as the default logging framework
2021-01-21 16:32:05.497 DEBUG 20032 --- [           main] i.l.c.resource.DefaultClientResources    : -Dio.netty.eventLoopThreads: 8
2021-01-21 16:32:05.506 DEBUG 20032 --- [           main] i.l.c.r.DefaultEventLoopGroupProvider    : Creating executor io.netty.util.concurrent.DefaultEventExecutorGroup
2021-01-21 16:32:05.533 DEBUG 20032 --- [           main] i.n.u.internal.InternalThreadLocalMap    : -Dio.netty.threadLocalMap.stringBuilder.initialSize: 1024
2021-01-21 16:32:05.533 DEBUG 20032 --- [           main] i.n.u.internal.InternalThreadLocalMap    : -Dio.netty.threadLocalMap.stringBuilder.maxSize: 4096
2021-01-21 16:32:05.541 DEBUG 20032 --- [           main] io.netty.util.ResourceLeakDetector       : -Dio.netty.leakDetection.level: simple
2021-01-21 16:32:05.542 DEBUG 20032 --- [           main] io.netty.util.ResourceLeakDetector       : -Dio.netty.leakDetection.targetRecords: 4
2021-01-21 16:32:05.547 DEBUG 20032 --- [           main] i.n.util.ResourceLeakDetectorFactory     : Loaded default ResourceLeakDetector: io.netty.util.ResourceLeakDetector@6af87130
2021-01-21 16:32:05.569 DEBUG 20032 --- [           main] i.netty.util.internal.PlatformDependent  : Platform: Windows
2021-01-21 16:32:05.572 DEBUG 20032 --- [           main] i.n.util.internal.PlatformDependent0     : -Dio.netty.noUnsafe: false
2021-01-21 16:32:05.572 DEBUG 20032 --- [           main] i.n.util.internal.PlatformDependent0     : Java version: 8
2021-01-21 16:32:05.574 DEBUG 20032 --- [           main] i.n.util.internal.PlatformDependent0     : sun.misc.Unsafe.theUnsafe: available
2021-01-21 16:32:05.575 DEBUG 20032 --- [           main] i.n.util.internal.PlatformDependent0     : sun.misc.Unsafe.copyMemory: available
2021-01-21 16:32:05.576 DEBUG 20032 --- [           main] i.n.util.internal.PlatformDependent0     : java.nio.Buffer.address: available
2021-01-21 16:32:05.577 DEBUG 20032 --- [           main] i.n.util.internal.PlatformDependent0     : direct buffer constructor: available
2021-01-21 16:32:05.580 DEBUG 20032 --- [           main] i.n.util.internal.PlatformDependent0     : java.nio.Bits.unaligned: available, true
2021-01-21 16:32:05.580 DEBUG 20032 --- [           main] i.n.util.internal.PlatformDependent0     : jdk.internal.misc.Unsafe.allocateUninitializedArray(int): unavailable prior to Java9
2021-01-21 16:32:05.580 DEBUG 20032 --- [           main] i.n.util.internal.PlatformDependent0     : java.nio.DirectByteBuffer.<init>(long, int): available
2021-01-21 16:32:05.580 DEBUG 20032 --- [           main] i.netty.util.internal.PlatformDependent  : sun.misc.Unsafe: available
2021-01-21 16:32:05.582 DEBUG 20032 --- [           main] i.netty.util.internal.PlatformDependent  : -Dio.netty.tmpdir: C:\Users\dell\AppData\Local\Temp (java.io.tmpdir)
2021-01-21 16:32:05.582 DEBUG 20032 --- [           main] i.netty.util.internal.PlatformDependent  : -Dio.netty.bitMode: 64 (sun.arch.data.model)
2021-01-21 16:32:05.584 DEBUG 20032 --- [           main] i.netty.util.internal.PlatformDependent  : -Dio.netty.maxDirectMemory: 1879048192 bytes
2021-01-21 16:32:05.585 DEBUG 20032 --- [           main] i.netty.util.internal.PlatformDependent  : -Dio.netty.uninitializedArrayAllocationThreshold: -1
2021-01-21 16:32:05.589 DEBUG 20032 --- [           main] io.netty.util.internal.CleanerJava6      : java.nio.ByteBuffer.cleaner(): available
2021-01-21 16:32:05.589 DEBUG 20032 --- [           main] i.netty.util.internal.PlatformDependent  : -Dio.netty.noPreferDirect: false
2021-01-21 16:32:05.601 DEBUG 20032 --- [           main] i.netty.util.internal.PlatformDependent  : org.jctools-core.MpscChunkedArrayQueue: available
2021-01-21 16:32:05.614 DEBUG 20032 --- [           main] reactor.util.Loggers$LoggerFactory       : Using Slf4j logging framework
2021-01-21 16:32:05.791 DEBUG 20032 --- [           main] io.netty.buffer.PooledByteBufAllocator   : -Dio.netty.allocator.numHeapArenas: 16
2021-01-21 16:32:05.792 DEBUG 20032 --- [           main] io.netty.buffer.PooledByteBufAllocator   : -Dio.netty.allocator.numDirectArenas: 16
2021-01-21 16:32:05.792 DEBUG 20032 --- [           main] io.netty.buffer.PooledByteBufAllocator   : -Dio.netty.allocator.pageSize: 8192
2021-01-21 16:32:05.792 DEBUG 20032 --- [           main] io.netty.buffer.PooledByteBufAllocator   : -Dio.netty.allocator.maxOrder: 11
2021-01-21 16:32:05.792 DEBUG 20032 --- [           main] io.netty.buffer.PooledByteBufAllocator   : -Dio.netty.allocator.chunkSize: 16777216
2021-01-21 16:32:05.792 DEBUG 20032 --- [           main] io.netty.buffer.PooledByteBufAllocator   : -Dio.netty.allocator.tinyCacheSize: 512
2021-01-21 16:32:05.792 DEBUG 20032 --- [           main] io.netty.buffer.PooledByteBufAllocator   : -Dio.netty.allocator.smallCacheSize: 256
2021-01-21 16:32:05.793 DEBUG 20032 --- [           main] io.netty.buffer.PooledByteBufAllocator   : -Dio.netty.allocator.normalCacheSize: 64
2021-01-21 16:32:05.794 DEBUG 20032 --- [           main] io.netty.buffer.PooledByteBufAllocator   : -Dio.netty.allocator.maxCachedBufferCapacity: 32768
2021-01-21 16:32:05.794 DEBUG 20032 --- [           main] io.netty.buffer.PooledByteBufAllocator   : -Dio.netty.allocator.cacheTrimInterval: 8192
2021-01-21 16:32:05.794 DEBUG 20032 --- [           main] io.netty.buffer.PooledByteBufAllocator   : -Dio.netty.allocator.cacheTrimIntervalMillis: 0
2021-01-21 16:32:05.795 DEBUG 20032 --- [           main] io.netty.buffer.PooledByteBufAllocator   : -Dio.netty.allocator.useCacheForAllThreads: true
2021-01-21 16:32:05.795 DEBUG 20032 --- [           main] io.netty.buffer.PooledByteBufAllocator   : -Dio.netty.allocator.maxCachedByteBuffersPerChunk: 1023
2021-01-21 16:32:06.874  INFO 20032 --- [           main] o.s.b.a.e.web.EndpointLinksResolver      : Exposing 2 endpoint(s) beneath base path '/actuator'
2021-01-21 16:32:06.973  INFO 20032 --- [           main] UserTest                                 : Started UserTest in 8.386 seconds (JVM running for 9.51)
----------all user-----------
2021-01-21 16:32:07.462 DEBUG 20032 --- [           main] org.mybatis.spring.SqlSessionUtils       : Creating a new SqlSession
2021-01-21 16:32:07.470 DEBUG 20032 --- [           main] org.mybatis.spring.SqlSessionUtils       : SqlSession [org.apache.ibatis.session.defaults.DefaultSqlSession@75a9cc24] was not registered for synchronization because synchronization is not active
2021-01-21 16:32:09.304 DEBUG 20032 --- [           main] o.m.s.t.SpringManagedTransaction         : JDBC Connection [com.mysql.cj.jdbc.ConnectionImpl@2976ef56] will not be managed by Spring
2021-01-21 16:32:09.310 DEBUG 20032 --- [           main] c.t.l.mapper.UserMapper.selectList       : ==>  Preparing: SELECT id,name,icon_url,create_time FROM user 
2021-01-21 16:32:09.342 DEBUG 20032 --- [           main] c.t.l.mapper.UserMapper.selectList       : ==> Parameters: 
2021-01-21 16:32:09.404 DEBUG 20032 --- [           main] org.mybatis.spring.SqlSessionUtils       : Closing non transactional SqlSession [org.apache.ibatis.session.defaults.DefaultSqlSession@75a9cc24]
]]></system-out>
  </testcase>
</testsuite>